[2024-06-01 09:59:40,990] multiqc                                            [DEBUG  ]  No MultiQC config found: /usr/local/lib/python3.9/site-packages/multiqc_config.yaml
[2024-06-01 09:59:40,991] multiqc                                            [DEBUG  ]  No MultiQC config found: /Users/cigom/.multiqc_config.yaml
[2024-06-01 09:59:40,991] multiqc                                            [DEBUG  ]  No MultiQC config found: multiqc_config.yaml
[2024-06-01 09:59:40,991] multiqc                                            [DEBUG  ]  Command used: /usr/local/bin/multiqc .
[2024-06-01 09:59:42,004] multiqc                                            [WARNING]  MultiQC Version v1.22.2 now available!
[2024-06-01 09:59:42,005] multiqc                                            [INFO   ]  This is MultiQC v1.10.1
[2024-06-01 09:59:42,005] multiqc                                            [DEBUG  ]  Command     : /usr/local/bin/multiqc .
[2024-06-01 09:59:42,005] multiqc                                            [DEBUG  ]  Working dir : /Users/cigom/Documents/GitHub/Hybryd_Haliotis/Report
[2024-06-01 09:59:42,005] multiqc                                            [INFO   ]  Template    : default
[2024-06-01 09:59:42,005] multiqc                                            [DEBUG  ]  Running Python 3.9.16 (main, Dec  7 2022, 10:15:43)  [Clang 14.0.0 (clang-1400.0.29.202)]
[2024-06-01 09:59:42,005] multiqc                                            [INFO   ]  Searching   : /Users/cigom/Documents/GitHub/Hybryd_Haliotis/Report
[2024-06-01 09:59:42,005] multiqc                                            [DEBUG  ]  Analysing modules: custom_content, ngsderive, purple, conpair, peddy, somalier, methylQA, mosdepth, phantompeakqualtools, qualimap, preseq, quast, qorts, rna_seqc, rockhopper, rsem, rseqc, busco, goleft_indexcov, disambiguate, supernova, deeptools, sargasso, verifybamid, mirtrace, happy, mirtop, homer, hops, macs2, theta2, snpeff, gatk, htseq, bcftools, featureCounts, fgbio, dragen, dedup, damageprofiler, biobambam2, jcvi, mtnucratio, picard, sentieon, prokka, qc3C, samblaster, samtools, sexdeterrmine, eigenstratdatabasetools, bamtools, jellyfish, vcftools, longranger, stacks, varscan2, bbmap, bismark, biscuit, hicexplorer, hicup, hicpro, salmon, kallisto, slamdunk, star, hisat2, tophat, bowtie2, bowtie1, snpsplit, kat, leehom, adapterRemoval, clipandmerge, cutadapt, flexbar, kaiju, kraken, malt, trimmomatic, sickle, skewer, sortmerna, biobloomtools, fastq_screen, afterqc, fastp, fastqc, pychopper, pycoqc, minionqc, multivcfanalyzer, clusterflow, bcl2fastq, interop, ivar, flash, seqyclean, optitype
[2024-06-01 09:59:42,006] multiqc                                            [DEBUG  ]  Using temporary directory for creating report: /var/folders/vk/tcb_cwbj1xg8hb9lfj1y66b40000gn/T/tmp7d22f9vl
[2024-06-01 09:59:42,108] multiqc                                            [DEBUG  ]  Ignoring file as matched an ignore pattern: .DS_Store
[2024-06-01 09:59:42,512] multiqc.plots.bargraph                             [DEBUG  ]  Using matplotlib version 3.3.4
[2024-06-01 09:59:42,513] multiqc.plots.linegraph                            [DEBUG  ]  Using matplotlib version 3.3.4
[2024-06-01 09:59:42,514] multiqc                                            [DEBUG  ]  No samples found: custom_content
[2024-06-01 09:59:42,518] multiqc                                            [DEBUG  ]  No samples found: ngsderive
[2024-06-01 09:59:42,522] multiqc                                            [DEBUG  ]  No samples found: purple
[2024-06-01 09:59:42,526] multiqc                                            [DEBUG  ]  No samples found: conpair
[2024-06-01 09:59:42,530] multiqc                                            [DEBUG  ]  No samples found: peddy
[2024-06-01 09:59:42,534] multiqc                                            [DEBUG  ]  No samples found: somalier
[2024-06-01 09:59:42,538] multiqc                                            [DEBUG  ]  No samples found: methylQA
[2024-06-01 09:59:42,543] multiqc                                            [DEBUG  ]  No samples found: mosdepth
[2024-06-01 09:59:42,547] multiqc                                            [DEBUG  ]  No samples found: phantompeakqualtools
[2024-06-01 09:59:42,550] multiqc                                            [DEBUG  ]  No samples found: qualimap
[2024-06-01 09:59:42,554] multiqc                                            [DEBUG  ]  No samples found: preseq
[2024-06-01 09:59:42,558] multiqc                                            [DEBUG  ]  No samples found: quast
[2024-06-01 09:59:42,562] multiqc                                            [DEBUG  ]  No samples found: qorts
[2024-06-01 09:59:42,566] multiqc                                            [DEBUG  ]  No samples found: rna_seqc
[2024-06-01 09:59:42,569] multiqc                                            [DEBUG  ]  No samples found: rockhopper
[2024-06-01 09:59:42,573] multiqc                                            [DEBUG  ]  No samples found: rsem
[2024-06-01 09:59:42,580] multiqc                                            [DEBUG  ]  No samples found: rseqc
[2024-06-01 09:59:42,584] multiqc                                            [DEBUG  ]  No samples found: busco
[2024-06-01 09:59:42,588] multiqc                                            [DEBUG  ]  No samples found: goleft_indexcov
[2024-06-01 09:59:42,592] multiqc                                            [DEBUG  ]  No samples found: disambiguate
[2024-06-01 09:59:42,596] multiqc                                            [DEBUG  ]  No samples found: supernova
[2024-06-01 09:59:42,604] multiqc                                            [DEBUG  ]  No samples found: deeptools
[2024-06-01 09:59:42,608] multiqc                                            [DEBUG  ]  No samples found: sargasso
[2024-06-01 09:59:42,612] multiqc                                            [DEBUG  ]  No samples found: verifybamid
[2024-06-01 09:59:42,616] multiqc                                            [DEBUG  ]  No samples found: mirtrace
[2024-06-01 09:59:42,620] multiqc                                            [DEBUG  ]  No samples found: happy
[2024-06-01 09:59:42,623] multiqc                                            [DEBUG  ]  No samples found: mirtop
[2024-06-01 09:59:42,628] multiqc                                            [DEBUG  ]  No samples found: homer
[2024-06-01 09:59:42,632] multiqc                                            [DEBUG  ]  No samples found: hops
[2024-06-01 09:59:42,636] multiqc                                            [DEBUG  ]  No samples found: macs2
[2024-06-01 09:59:42,639] multiqc                                            [DEBUG  ]  No samples found: theta2
[2024-06-01 09:59:42,646] multiqc                                            [DEBUG  ]  No samples found: snpeff
[2024-06-01 09:59:42,651] multiqc                                            [DEBUG  ]  No samples found: gatk
[2024-06-01 09:59:42,656] multiqc                                            [DEBUG  ]  No samples found: htseq
[2024-06-01 09:59:42,662] multiqc                                            [DEBUG  ]  No samples found: bcftools
[2024-06-01 09:59:42,666] multiqc                                            [DEBUG  ]  No samples found: featureCounts
[2024-06-01 09:59:42,671] multiqc                                            [DEBUG  ]  No samples found: fgbio
[2024-06-01 09:59:42,680] multiqc                                            [DEBUG  ]  No samples found: dragen
[2024-06-01 09:59:42,684] multiqc                                            [DEBUG  ]  No samples found: dedup
[2024-06-01 09:59:42,687] multiqc                                            [DEBUG  ]  No samples found: damageprofiler
[2024-06-01 09:59:42,703] multiqc                                            [DEBUG  ]  No samples found: biobambam2
[2024-06-01 09:59:42,707] multiqc                                            [DEBUG  ]  No samples found: jcvi
[2024-06-01 09:59:42,711] multiqc                                            [DEBUG  ]  No samples found: mtnucratio
[2024-06-01 09:59:42,714] multiqc                                            [DEBUG  ]  No samples found: picard
[2024-06-01 09:59:42,719] multiqc                                            [DEBUG  ]  No samples found: sentieon
[2024-06-01 09:59:42,723] multiqc                                            [DEBUG  ]  No samples found: prokka
[2024-06-01 09:59:42,727] multiqc                                            [DEBUG  ]  No samples found: qc3C
[2024-06-01 09:59:42,730] multiqc                                            [DEBUG  ]  No samples found: samblaster
[2024-06-01 09:59:42,736] multiqc                                            [DEBUG  ]  No samples found: samtools
[2024-06-01 09:59:42,740] multiqc                                            [DEBUG  ]  No samples found: sexdeterrmine
[2024-06-01 09:59:42,747] multiqc                                            [DEBUG  ]  No samples found: eigenstratdatabasetools
[2024-06-01 09:59:42,752] multiqc                                            [DEBUG  ]  No samples found: bamtools
[2024-06-01 09:59:42,756] multiqc                                            [DEBUG  ]  No samples found: jellyfish
[2024-06-01 09:59:42,761] multiqc                                            [DEBUG  ]  No samples found: vcftools
[2024-06-01 09:59:42,765] multiqc                                            [DEBUG  ]  No samples found: longranger
[2024-06-01 09:59:42,769] multiqc                                            [DEBUG  ]  No samples found: stacks
[2024-06-01 09:59:42,772] multiqc                                            [DEBUG  ]  No samples found: varscan2
[2024-06-01 09:59:42,781] multiqc                                            [DEBUG  ]  No samples found: bbmap
[2024-06-01 09:59:42,785] multiqc                                            [DEBUG  ]  No samples found: bismark
[2024-06-01 09:59:42,788] multiqc                                            [DEBUG  ]  No samples found: biscuit
[2024-06-01 09:59:42,792] multiqc                                            [DEBUG  ]  No samples found: hicexplorer
[2024-06-01 09:59:42,796] multiqc                                            [DEBUG  ]  No samples found: hicup
[2024-06-01 09:59:42,800] multiqc                                            [DEBUG  ]  No samples found: hicpro
[2024-06-01 09:59:42,804] multiqc                                            [DEBUG  ]  No samples found: salmon
[2024-06-01 09:59:42,807] multiqc                                            [DEBUG  ]  No samples found: kallisto
[2024-06-01 09:59:42,811] multiqc                                            [DEBUG  ]  No samples found: slamdunk
[2024-06-01 09:59:42,815] multiqc                                            [DEBUG  ]  No samples found: star
[2024-06-01 09:59:42,819] multiqc                                            [DEBUG  ]  No samples found: hisat2
[2024-06-01 09:59:42,822] multiqc                                            [DEBUG  ]  No samples found: tophat
[2024-06-01 09:59:42,831] multiqc.modules.bowtie2.bowtie2                    [INFO   ]  Found 8 reports
[2024-06-01 09:59:42,844] multiqc                                            [DEBUG  ]  No samples found: bowtie1
[2024-06-01 09:59:42,849] multiqc                                            [DEBUG  ]  No samples found: snpsplit
[2024-06-01 09:59:42,853] multiqc                                            [DEBUG  ]  No samples found: kat
[2024-06-01 09:59:42,856] multiqc                                            [DEBUG  ]  No samples found: leehom
[2024-06-01 09:59:42,862] multiqc                                            [DEBUG  ]  No samples found: adapterRemoval
[2024-06-01 09:59:42,866] multiqc                                            [DEBUG  ]  No samples found: clipandmerge
[2024-06-01 09:59:42,870] multiqc                                            [DEBUG  ]  No samples found: cutadapt
[2024-06-01 09:59:42,874] multiqc                                            [DEBUG  ]  No samples found: flexbar
[2024-06-01 09:59:42,879] multiqc                                            [DEBUG  ]  No samples found: kaiju
[2024-06-01 09:59:42,883] multiqc                                            [DEBUG  ]  No samples found: kraken
[2024-06-01 09:59:42,886] multiqc                                            [DEBUG  ]  No samples found: malt
[2024-06-01 09:59:42,890] multiqc                                            [DEBUG  ]  No samples found: trimmomatic
[2024-06-01 09:59:42,894] multiqc                                            [DEBUG  ]  No samples found: sickle
[2024-06-01 09:59:42,898] multiqc                                            [DEBUG  ]  No samples found: skewer
[2024-06-01 09:59:42,902] multiqc                                            [DEBUG  ]  No samples found: sortmerna
[2024-06-01 09:59:42,906] multiqc                                            [DEBUG  ]  No samples found: biobloomtools
[2024-06-01 09:59:42,910] multiqc                                            [DEBUG  ]  No samples found: fastq_screen
[2024-06-01 09:59:42,914] multiqc                                            [DEBUG  ]  No samples found: afterqc
[2024-06-01 09:59:42,921] multiqc                                            [DEBUG  ]  No samples found: fastp
[2024-06-01 09:59:42,926] multiqc                                            [DEBUG  ]  No samples found: fastqc
[2024-06-01 09:59:42,930] multiqc                                            [DEBUG  ]  No samples found: pychopper
[2024-06-01 09:59:42,933] multiqc                                            [DEBUG  ]  No samples found: pycoqc
[2024-06-01 09:59:42,937] multiqc                                            [DEBUG  ]  No samples found: minionqc
[2024-06-01 09:59:42,940] multiqc                                            [DEBUG  ]  No samples found: multivcfanalyzer
[2024-06-01 09:59:42,944] multiqc                                            [DEBUG  ]  No samples found: clusterflow
[2024-06-01 09:59:42,948] multiqc                                            [DEBUG  ]  No samples found: bcl2fastq
[2024-06-01 09:59:42,954] multiqc                                            [DEBUG  ]  No samples found: interop
[2024-06-01 09:59:42,958] multiqc                                            [DEBUG  ]  No samples found: ivar
[2024-06-01 09:59:42,962] multiqc                                            [DEBUG  ]  No samples found: flash
[2024-06-01 09:59:42,966] multiqc                                            [DEBUG  ]  No samples found: seqyclean
[2024-06-01 09:59:42,970] multiqc                                            [DEBUG  ]  No samples found: optitype
[2024-06-01 09:59:42,973] multiqc                                            [INFO   ]  Compressing plot data
[2024-06-01 09:59:42,977] multiqc                                            [INFO   ]  Report      : multiqc_report.html
[2024-06-01 09:59:42,977] multiqc                                            [INFO   ]  Data        : multiqc_data
[2024-06-01 09:59:42,977] multiqc                                            [DEBUG  ]  Moving data file from '/var/folders/vk/tcb_cwbj1xg8hb9lfj1y66b40000gn/T/tmp7d22f9vl/multiqc_data' to '/Users/cigom/Documents/GitHub/Hybryd_Haliotis/Report/multiqc_data'
[2024-06-01 09:59:43,124] multiqc                                            [INFO   ]  MultiQC complete
